INFO:rasa_nlu.training_data.loading:Training data format of ./data/nlu.md is md
INFO:rasa_nlu.training_data.training_data:Training data stats: 
	- intent examples: 179 (14 distinct intents)
	- Found intents: 'try again', 'after completion', 'account type', 'number of months', 'fixed account', 'incorrect details', 'monthly', 'savings account', 'confirmation', 'selection', 'not confirmation', 'don't try again', 'open a new bank account', 'correct detailas'
	- entity examples: 15 (4 distinct entities)
	- found entities: 'acc_type', 'num_of_months', 'num of months', 'amount'

WARNING:rasa_nlu.registry:DEPRECATION warning: your nlu config file contains old style component name `tokenizer_whitespace`, you should change it to its class name: `WhitespaceTokenizer`.
WARNING:rasa_nlu.registry:DEPRECATION warning: your nlu config file contains old style component name `tokenizer_whitespace`, you should change it to its class name: `WhitespaceTokenizer`.
WARNING:rasa_nlu.registry:DEPRECATION warning: your nlu config file contains old style component name `tokenizer_whitespace`, you should change it to its class name: `WhitespaceTokenizer`.
DEBUG:rasa_nlu.training_data.training_data:Validating training data...
INFO:rasa_nlu.model:Starting to train component Tokenizer
INFO:rasa_nlu.model:Finished training component.
INFO:rasa_nlu.model:Starting to train component Featurizer
INFO:rasa_nlu.model:Finished training component.
INFO:rasa_nlu.model:Starting to train component IntentClassifier
INFO:rasa_nlu.model:Finished training component.
INFO:rasa_nlu.model:Starting to train component Mapper
INFO:rasa_nlu.model:Finished training component.
INFO:rasa_nlu.model:Starting to train component WhitespaceTokenizer
INFO:rasa_nlu.model:Finished training component.
INFO:rasa_nlu.model:Starting to train component CRFEntityExtractor
INFO:rasa_nlu.model:Finished training component.
INFO:rasa_nlu.model:Successfully saved model into '/home/lakshika/Desktop/bot-example-our/rasa_models/current/nlu'
DEBUG:rasa_core.training.generator:Generated trackers will be deduplicated based on their unique last 6 states.
DEBUG:rasa_core.training.generator:Number of augmentation rounds is 3
DEBUG:rasa_core.training.generator:Starting data generation round 0 ... (with 1 trackers)
WARNING:rasa_core.slots:Categorical slot 'amount' is set to a value ('එක') that is not specified in the domain. Value will be ignored and the slot will behave as if no value is set. Make sure to add all values a categorical slot should store to the domain.
DEBUG:rasa_core.training.generator:Finished phase (25 training samples found).
DEBUG:rasa_core.training.generator:Data generation rounds finished.
DEBUG:rasa_core.training.generator:Found 0 unused checkpoints
DEBUG:rasa_core.training.generator:Starting augmentation round 0 ... (with 20 trackers)
WARNING:rasa_core.slots:Categorical slot 'amount' is set to a value ('එක') that is not specified in the domain. Value will be ignored and the slot will behave as if no value is set. Make sure to add all values a categorical slot should store to the domain.
WARNING:rasa_core.slots:Categorical slot 'amount' is set to a value ('එක') that is not specified in the domain. Value will be ignored and the slot will behave as if no value is set. Make sure to add all values a categorical slot should store to the domain.
WARNING:rasa_core.slots:Categorical slot 'amount' is set to a value ('එක') that is not specified in the domain. Value will be ignored and the slot will behave as if no value is set. Make sure to add all values a categorical slot should store to the domain.
WARNING:rasa_core.slots:Categorical slot 'amount' is set to a value ('එක') that is not specified in the domain. Value will be ignored and the slot will behave as if no value is set. Make sure to add all values a categorical slot should store to the domain.
WARNING:rasa_core.slots:Categorical slot 'amount' is set to a value ('එක') that is not specified in the domain. Value will be ignored and the slot will behave as if no value is set. Make sure to add all values a categorical slot should store to the domain.
WARNING:rasa_core.slots:Categorical slot 'amount' is set to a value ('එක') that is not specified in the domain. Value will be ignored and the slot will behave as if no value is set. Make sure to add all values a categorical slot should store to the domain.
DEBUG:rasa_core.training.generator:Finished phase (189 training samples found).
DEBUG:rasa_core.training.generator:Starting augmentation round 1 ... (with 20 trackers)
WARNING:rasa_core.slots:Categorical slot 'amount' is set to a value ('එක') that is not specified in the domain. Value will be ignored and the slot will behave as if no value is set. Make sure to add all values a categorical slot should store to the domain.
WARNING:rasa_core.slots:Categorical slot 'amount' is set to a value ('එක') that is not specified in the domain. Value will be ignored and the slot will behave as if no value is set. Make sure to add all values a categorical slot should store to the domain.
WARNING:rasa_core.slots:Categorical slot 'amount' is set to a value ('එක') that is not specified in the domain. Value will be ignored and the slot will behave as if no value is set. Make sure to add all values a categorical slot should store to the domain.
WARNING:rasa_core.slots:Categorical slot 'amount' is set to a value ('එක') that is not specified in the domain. Value will be ignored and the slot will behave as if no value is set. Make sure to add all values a categorical slot should store to the domain.
WARNING:rasa_core.slots:Categorical slot 'amount' is set to a value ('එක') that is not specified in the domain. Value will be ignored and the slot will behave as if no value is set. Make sure to add all values a categorical slot should store to the domain.
WARNING:rasa_core.slots:Categorical slot 'amount' is set to a value ('එක') that is not specified in the domain. Value will be ignored and the slot will behave as if no value is set. Make sure to add all values a categorical slot should store to the domain.
WARNING:rasa_core.slots:Categorical slot 'amount' is set to a value ('එක') that is not specified in the domain. Value will be ignored and the slot will behave as if no value is set. Make sure to add all values a categorical slot should store to the domain.
DEBUG:rasa_core.training.generator:Finished phase (377 training samples found).
DEBUG:rasa_core.training.generator:Starting augmentation round 2 ... (with 20 trackers)
WARNING:rasa_core.slots:Categorical slot 'amount' is set to a value ('එක') that is not specified in the domain. Value will be ignored and the slot will behave as if no value is set. Make sure to add all values a categorical slot should store to the domain.
WARNING:rasa_core.slots:Categorical slot 'amount' is set to a value ('එක') that is not specified in the domain. Value will be ignored and the slot will behave as if no value is set. Make sure to add all values a categorical slot should store to the domain.
WARNING:rasa_core.slots:Categorical slot 'amount' is set to a value ('එක') that is not specified in the domain. Value will be ignored and the slot will behave as if no value is set. Make sure to add all values a categorical slot should store to the domain.
WARNING:rasa_core.slots:Categorical slot 'amount' is set to a value ('එක') that is not specified in the domain. Value will be ignored and the slot will behave as if no value is set. Make sure to add all values a categorical slot should store to the domain.
WARNING:rasa_core.slots:Categorical slot 'amount' is set to a value ('එක') that is not specified in the domain. Value will be ignored and the slot will behave as if no value is set. Make sure to add all values a categorical slot should store to the domain.
WARNING:rasa_core.slots:Categorical slot 'amount' is set to a value ('එක') that is not specified in the domain. Value will be ignored and the slot will behave as if no value is set. Make sure to add all values a categorical slot should store to the domain.
WARNING:rasa_core.slots:Categorical slot 'amount' is set to a value ('එක') that is not specified in the domain. Value will be ignored and the slot will behave as if no value is set. Make sure to add all values a categorical slot should store to the domain.
WARNING:rasa_core.slots:Categorical slot 'amount' is set to a value ('එක') that is not specified in the domain. Value will be ignored and the slot will behave as if no value is set. Make sure to add all values a categorical slot should store to the domain.
WARNING:rasa_core.slots:Categorical slot 'amount' is set to a value ('එක') that is not specified in the domain. Value will be ignored and the slot will behave as if no value is set. Make sure to add all values a categorical slot should store to the domain.
DEBUG:rasa_core.training.generator:Finished phase (588 training samples found).
DEBUG:rasa_core.training.generator:Found 588 training trackers.
DEBUG:rasa_core.training.generator:Subsampled to 200 augmented training trackers.
DEBUG:rasa_core.training.generator:There are 25 original trackers.
DEBUG:rasa_core.agent:Agent trainer got kwargs: {}
DEBUG:rasa_core.featurizers:Creating states and action examples from collected trackers (by MaxHistoryTrackerFeaturizer(BinarySingleStateFeaturizer))...
DEBUG:rasa_core.featurizers:Created 257 action examples.
WARNING:tensorflow:From /home/lakshika/.local/lib/python3.6/site-packages/tensorflow/python/ops/resource_variable_ops.py:435: colocate_with (from tensorflow.python.framework.ops) is deprecated and will be removed in a future version.
Instructions for updating:
Colocations handled automatically by placer.
WARNING:tensorflow:From /home/lakshika/.local/lib/python3.6/site-packages/tensorflow/python/keras/backend.py:4010: calling dropout (from tensorflow.python.ops.nn_ops) with keep_prob is deprecated and will be removed in a future version.
Instructions for updating:
Please use `rate` instead of `keep_prob`. Rate should be set to `rate = 1 - keep_prob`.
DEBUG:rasa_core.policies.keras_policy:None
INFO:rasa_core.policies.keras_policy:Fitting model with 257 total samples and a validation split of 0.1
DEBUG:rasa_core.policies.policy:Parameters ignored by `model.fit(...)`: {}
WARNING:tensorflow:From /home/lakshika/.local/lib/python3.6/site-packages/tensorflow/python/ops/math_ops.py:3066: to_int32 (from tensorflow.python.ops.math_ops) is deprecated and will be removed in a future version.
Instructions for updating:
Use tf.cast instead.
INFO:rasa_core.policies.keras_policy:Done fitting keras policy model
DEBUG:rasa_core.featurizers:Creating states and action examples from collected trackers (by MaxHistoryTrackerFeaturizer(SingleStateFeaturizer))...
DEBUG:rasa_core.featurizers:Created 82 action examples.
DEBUG:rasa_core.policies.memoization:Memorized 80 unique examples.
DEBUG:rasa_core.featurizers:Creating states and action examples from collected trackers (by MaxHistoryTrackerFeaturizer(SingleStateFeaturizer))...
DEBUG:rasa_core.featurizers:Created 48 action examples.
DEBUG:rasa_core.policies.memoization:Memorized 0 unique examples.
INFO:rasa_core.agent:Model directory ../rasa_models/dialogue exists and contains old model files. All files will be overwritten.
WARNING:rasa_core.slots:Categorical slot 'amount' is set to a value ('එක') that is not specified in the domain. Value will be ignored and the slot will behave as if no value is set. Make sure to add all values a categorical slot should store to the domain.
WARNING:rasa_core.slots:Categorical slot 'amount' is set to a value ('එක') that is not specified in the domain. Value will be ignored and the slot will behave as if no value is set. Make sure to add all values a categorical slot should store to the domain.
WARNING:rasa_core.slots:Categorical slot 'amount' is set to a value ('එක') that is not specified in the domain. Value will be ignored and the slot will behave as if no value is set. Make sure to add all values a categorical slot should store to the domain.
WARNING:rasa_core.slots:Categorical slot 'amount' is set to a value ('එක') that is not specified in the domain. Value will be ignored and the slot will behave as if no value is set. Make sure to add all values a categorical slot should store to the domain.
WARNING:rasa_core.slots:Categorical slot 'amount' is set to a value ('එක') that is not specified in the domain. Value will be ignored and the slot will behave as if no value is set. Make sure to add all values a categorical slot should store to the domain.
WARNING:rasa_core.slots:Categorical slot 'amount' is set to a value ('එක') that is not specified in the domain. Value will be ignored and the slot will behave as if no value is set. Make sure to add all values a categorical slot should store to the domain.
WARNING:rasa_core.slots:Categorical slot 'amount' is set to a value ('එක') that is not specified in the domain. Value will be ignored and the slot will behave as if no value is set. Make sure to add all values a categorical slot should store to the domain.
WARNING:rasa_core.slots:Categorical slot 'amount' is set to a value ('එක') that is not specified in the domain. Value will be ignored and the slot will behave as if no value is set. Make sure to add all values a categorical slot should store to the domain.
WARNING:rasa_core.slots:Categorical slot 'amount' is set to a value ('එක') that is not specified in the domain. Value will be ignored and the slot will behave as if no value is set. Make sure to add all values a categorical slot should store to the domain.
WARNING:rasa_core.slots:Categorical slot 'amount' is set to a value ('එක') that is not specified in the domain. Value will be ignored and the slot will behave as if no value is set. Make sure to add all values a categorical slot should store to the domain.
WARNING:rasa_core.slots:Categorical slot 'amount' is set to a value ('එක') that is not specified in the domain. Value will be ignored and the slot will behave as if no value is set. Make sure to add all values a categorical slot should store to the domain.
WARNING:rasa_core.slots:Categorical slot 'amount' is set to a value ('එක') that is not specified in the domain. Value will be ignored and the slot will behave as if no value is set. Make sure to add all values a categorical slot should store to the domain.
WARNING:rasa_core.slots:Categorical slot 'amount' is set to a value ('එක') that is not specified in the domain. Value will be ignored and the slot will behave as if no value is set. Make sure to add all values a categorical slot should store to the domain.
WARNING:rasa_core.slots:Categorical slot 'amount' is set to a value ('එක') that is not specified in the domain. Value will be ignored and the slot will behave as if no value is set. Make sure to add all values a categorical slot should store to the domain.
WARNING:rasa_core.slots:Categorical slot 'amount' is set to a value ('එක') that is not specified in the domain. Value will be ignored and the slot will behave as if no value is set. Make sure to add all values a categorical slot should store to the domain.
WARNING:rasa_core.slots:Categorical slot 'amount' is set to a value ('එක') that is not specified in the domain. Value will be ignored and the slot will behave as if no value is set. Make sure to add all values a categorical slot should store to the domain.
WARNING:rasa_core.slots:Categorical slot 'amount' is set to a value ('එක') that is not specified in the domain. Value will be ignored and the slot will behave as if no value is set. Make sure to add all values a categorical slot should store to the domain.
WARNING:rasa_core.slots:Categorical slot 'amount' is set to a value ('එක') that is not specified in the domain. Value will be ignored and the slot will behave as if no value is set. Make sure to add all values a categorical slot should store to the domain.
WARNING:rasa_core.slots:Categorical slot 'amount' is set to a value ('එක') that is not specified in the domain. Value will be ignored and the slot will behave as if no value is set. Make sure to add all values a categorical slot should store to the domain.
WARNING:rasa_core.slots:Categorical slot 'amount' is set to a value ('එක') that is not specified in the domain. Value will be ignored and the slot will behave as if no value is set. Make sure to add all values a categorical slot should store to the domain.
WARNING:rasa_core.slots:Categorical slot 'amount' is set to a value ('එක') that is not specified in the domain. Value will be ignored and the slot will behave as if no value is set. Make sure to add all values a categorical slot should store to the domain.
WARNING:rasa_core.slots:Categorical slot 'amount' is set to a value ('එක') that is not specified in the domain. Value will be ignored and the slot will behave as if no value is set. Make sure to add all values a categorical slot should store to the domain.
WARNING:rasa_core.slots:Categorical slot 'amount' is set to a value ('එක') that is not specified in the domain. Value will be ignored and the slot will behave as if no value is set. Make sure to add all values a categorical slot should store to the domain.
WARNING:rasa_core.slots:Categorical slot 'amount' is set to a value ('එක') that is not specified in the domain. Value will be ignored and the slot will behave as if no value is set. Make sure to add all values a categorical slot should store to the domain.
WARNING:rasa_core.slots:Categorical slot 'amount' is set to a value ('එක') that is not specified in the domain. Value will be ignored and the slot will behave as if no value is set. Make sure to add all values a categorical slot should store to the domain.
WARNING:rasa_core.slots:Categorical slot 'amount' is set to a value ('එක') that is not specified in the domain. Value will be ignored and the slot will behave as if no value is set. Make sure to add all values a categorical slot should store to the domain.
WARNING:rasa_core.slots:Categorical slot 'amount' is set to a value ('එක') that is not specified in the domain. Value will be ignored and the slot will behave as if no value is set. Make sure to add all values a categorical slot should store to the domain.
WARNING:rasa_core.slots:Categorical slot 'amount' is set to a value ('එක') that is not specified in the domain. Value will be ignored and the slot will behave as if no value is set. Make sure to add all values a categorical slot should store to the domain.
WARNING:rasa_core.slots:Categorical slot 'amount' is set to a value ('එක') that is not specified in the domain. Value will be ignored and the slot will behave as if no value is set. Make sure to add all values a categorical slot should store to the domain.
WARNING:rasa_core.slots:Categorical slot 'amount' is set to a value ('එක') that is not specified in the domain. Value will be ignored and the slot will behave as if no value is set. Make sure to add all values a categorical slot should store to the domain.
WARNING:rasa_core.slots:Categorical slot 'amount' is set to a value ('එක') that is not specified in the domain. Value will be ignored and the slot will behave as if no value is set. Make sure to add all values a categorical slot should store to the domain.
WARNING:rasa_core.slots:Categorical slot 'amount' is set to a value ('එක') that is not specified in the domain. Value will be ignored and the slot will behave as if no value is set. Make sure to add all values a categorical slot should store to the domain.
WARNING:rasa_core.slots:Categorical slot 'amount' is set to a value ('එක') that is not specified in the domain. Value will be ignored and the slot will behave as if no value is set. Make sure to add all values a categorical slot should store to the domain.
WARNING:rasa_core.slots:Categorical slot 'amount' is set to a value ('එක') that is not specified in the domain. Value will be ignored and the slot will behave as if no value is set. Make sure to add all values a categorical slot should store to the domain.
WARNING:rasa_core.slots:Categorical slot 'amount' is set to a value ('එක') that is not specified in the domain. Value will be ignored and the slot will behave as if no value is set. Make sure to add all values a categorical slot should store to the domain.
WARNING:rasa_core.slots:Categorical slot 'amount' is set to a value ('එක') that is not specified in the domain. Value will be ignored and the slot will behave as if no value is set. Make sure to add all values a categorical slot should store to the domain.
WARNING:rasa_core.slots:Categorical slot 'amount' is set to a value ('එක') that is not specified in the domain. Value will be ignored and the slot will behave as if no value is set. Make sure to add all values a categorical slot should store to the domain.
WARNING:rasa_core.slots:Categorical slot 'amount' is set to a value ('එක') that is not specified in the domain. Value will be ignored and the slot will behave as if no value is set. Make sure to add all values a categorical slot should store to the domain.
WARNING:rasa_core.slots:Categorical slot 'amount' is set to a value ('එක') that is not specified in the domain. Value will be ignored and the slot will behave as if no value is set. Make sure to add all values a categorical slot should store to the domain.
WARNING:rasa_core.slots:Categorical slot 'amount' is set to a value ('එක') that is not specified in the domain. Value will be ignored and the slot will behave as if no value is set. Make sure to add all values a categorical slot should store to the domain.
WARNING:rasa_core.slots:Categorical slot 'amount' is set to a value ('එක') that is not specified in the domain. Value will be ignored and the slot will behave as if no value is set. Make sure to add all values a categorical slot should store to the domain.
WARNING:rasa_core.slots:Categorical slot 'amount' is set to a value ('එක') that is not specified in the domain. Value will be ignored and the slot will behave as if no value is set. Make sure to add all values a categorical slot should store to the domain.
WARNING:rasa_core.slots:Categorical slot 'amount' is set to a value ('එක') that is not specified in the domain. Value will be ignored and the slot will behave as if no value is set. Make sure to add all values a categorical slot should store to the domain.
WARNING:rasa_core.slots:Categorical slot 'amount' is set to a value ('එක') that is not specified in the domain. Value will be ignored and the slot will behave as if no value is set. Make sure to add all values a categorical slot should store to the domain.
WARNING:rasa_core.slots:Categorical slot 'amount' is set to a value ('එක') that is not specified in the domain. Value will be ignored and the slot will behave as if no value is set. Make sure to add all values a categorical slot should store to the domain.
WARNING:rasa_core.slots:Categorical slot 'amount' is set to a value ('එක') that is not specified in the domain. Value will be ignored and the slot will behave as if no value is set. Make sure to add all values a categorical slot should store to the domain.
WARNING:rasa_core.slots:Categorical slot 'amount' is set to a value ('එක') that is not specified in the domain. Value will be ignored and the slot will behave as if no value is set. Make sure to add all values a categorical slot should store to the domain.
WARNING:rasa_core.slots:Categorical slot 'amount' is set to a value ('එක') that is not specified in the domain. Value will be ignored and the slot will behave as if no value is set. Make sure to add all values a categorical slot should store to the domain.
WARNING:rasa_core.slots:Categorical slot 'amount' is set to a value ('එක') that is not specified in the domain. Value will be ignored and the slot will behave as if no value is set. Make sure to add all values a categorical slot should store to the domain.
WARNING:rasa_core.slots:Categorical slot 'amount' is set to a value ('එක') that is not specified in the domain. Value will be ignored and the slot will behave as if no value is set. Make sure to add all values a categorical slot should store to the domain.
WARNING:rasa_core.slots:Categorical slot 'amount' is set to a value ('එක') that is not specified in the domain. Value will be ignored and the slot will behave as if no value is set. Make sure to add all values a categorical slot should store to the domain.
INFO:rasa_core.agent:Persisted model to '/home/lakshika/Desktop/bot-example-our/rasa_models/dialogue'
